Command line invocation:
    /Applications/Xcode.app/Contents/Developer/usr/bin/xcodebuild -project WeeklyAcca.xcodeproj -scheme WeeklyAcca -destination "generic/platform=iOS Simulator" build -allowProvisioningUpdates

Resolve Package Graph


Resolved source packages:
  swift-crypto: https://github.com/apple/swift-crypto.git @ 4.2.0
  xctest-dynamic-overlay: https://github.com/pointfreeco/xctest-dynamic-overlay @ 1.8.1
  swift-asn1: https://github.com/apple/swift-asn1.git @ 1.5.1
  swift-clocks: https://github.com/pointfreeco/swift-clocks @ 1.0.6
  Supabase: https://github.com/supabase/supabase-swift @ 2.41.1
  swift-concurrency-extras: https://github.com/pointfreeco/swift-concurrency-extras @ 1.3.2
  swift-http-types: https://github.com/apple/swift-http-types.git @ 1.5.1

ComputePackagePrebuildTargetDependencyGraph

Prepare packages

CreateBuildRequest

SendProjectDescription

CreateBuildOperation

ComputeTargetDependencyGraph
note: Building targets in dependency order
note: Target dependency graph (24 targets)
    Target 'WeeklyAcca' in project 'WeeklyAcca'
        ➜ Explicit dependency on target 'WeeklyAccaWidgetExtension' in project 'WeeklyAcca'
        ➜ Explicit dependency on target 'Supabase' in project 'Supabase'
    Target 'Supabase' in project 'Supabase'
        ➜ Explicit dependency on target 'Supabase' in project 'Supabase'
        ➜ Explicit dependency on target 'Functions' in project 'Supabase'
        ➜ Explicit dependency on target 'PostgREST' in project 'Supabase'
        ➜ Explicit dependency on target 'Auth' in project 'Supabase'
        ➜ Explicit dependency on target 'Realtime' in project 'Supabase'
        ➜ Explicit dependency on target 'Storage' in project 'Supabase'
        ➜ Explicit dependency on target 'Helpers' in project 'Supabase'
        ➜ Explicit dependency on target 'ConcurrencyExtras' in project 'swift-concurrency-extras'
        ➜ Explicit dependency on target 'HTTPTypes' in project 'swift-http-types'
        ➜ Explicit dependency on target 'Clocks' in project 'swift-clocks'
        ➜ Explicit dependency on target 'XCTestDynamicOverlay' in project 'xctest-dynamic-overlay'
        ➜ Explicit dependency on target 'Crypto' in project 'swift-crypto'
        ➜ Explicit dependency on target 'IssueReporting' in project 'xctest-dynamic-overlay'
    Target 'Supabase' in project 'Supabase'
        ➜ Explicit dependency on target 'Helpers' in project 'Supabase'
        ➜ Explicit dependency on target 'Auth' in project 'Supabase'
        ➜ Explicit dependency on target 'Functions' in project 'Supabase'
        ➜ Explicit dependency on target 'PostgREST' in project 'Supabase'
        ➜ Explicit dependency on target 'Realtime' in project 'Supabase'
        ➜ Explicit dependency on target 'Storage' in project 'Supabase'
        ➜ Explicit dependency on target 'ConcurrencyExtras' in project 'swift-concurrency-extras'
        ➜ Explicit dependency on target 'HTTPTypes' in project 'swift-http-types'
        ➜ Explicit dependency on target 'Clocks' in project 'swift-clocks'
        ➜ Explicit dependency on target 'XCTestDynamicOverlay' in project 'xctest-dynamic-overlay'
        ➜ Explicit dependency on target 'Crypto' in project 'swift-crypto'
        ➜ Explicit dependency on target 'IssueReporting' in project 'xctest-dynamic-overlay'
    Target 'Storage' in project 'Supabase'
        ➜ Explicit dependency on target 'Helpers' in project 'Supabase'
        ➜ Explicit dependency on target 'ConcurrencyExtras' in project 'swift-concurrency-extras'
        ➜ Explicit dependency on target 'HTTPTypes' in project 'swift-http-types'
        ➜ Explicit dependency on target 'Clocks' in project 'swift-clocks'
        ➜ Explicit dependency on target 'XCTestDynamicOverlay' in project 'xctest-dynamic-overlay'
    Target 'Realtime' in project 'Supabase'
        ➜ Explicit dependency on target 'Helpers' in project 'Supabase'
        ➜ Explicit dependency on target 'ConcurrencyExtras' in project 'swift-concurrency-extras'
        ➜ Explicit dependency on target 'HTTPTypes' in project 'swift-http-types'
        ➜ Explicit dependency on target 'Clocks' in project 'swift-clocks'
        ➜ Explicit dependency on target 'XCTestDynamicOverlay' in project 'xctest-dynamic-overlay'
        ➜ Explicit dependency on target 'IssueReporting' in project 'xctest-dynamic-overlay'
    Target 'PostgREST' in project 'Supabase'
        ➜ Explicit dependency on target 'Helpers' in project 'Supabase'
        ➜ Explicit dependency on target 'ConcurrencyExtras' in project 'swift-concurrency-extras'
        ➜ Explicit dependency on target 'HTTPTypes' in project 'swift-http-types'
        ➜ Explicit dependency on target 'Clocks' in project 'swift-clocks'
        ➜ Explicit dependency on target 'XCTestDynamicOverlay' in project 'xctest-dynamic-overlay'
    Target 'Functions' in project 'Supabase'
        ➜ Explicit dependency on target 'Helpers' in project 'Supabase'
        ➜ Explicit dependency on target 'ConcurrencyExtras' in project 'swift-concurrency-extras'
        ➜ Explicit dependency on target 'HTTPTypes' in project 'swift-http-types'
        ➜ Explicit dependency on target 'Clocks' in project 'swift-clocks'
        ➜ Explicit dependency on target 'XCTestDynamicOverlay' in project 'xctest-dynamic-overlay'
    Target 'Auth' in project 'Supabase'
        ➜ Explicit dependency on target 'Helpers' in project 'Supabase'
        ➜ Explicit dependency on target 'ConcurrencyExtras' in project 'swift-concurrency-extras'
        ➜ Explicit dependency on target 'HTTPTypes' in project 'swift-http-types'
        ➜ Explicit dependency on target 'Clocks' in project 'swift-clocks'
        ➜ Explicit dependency on target 'XCTestDynamicOverlay' in project 'xctest-dynamic-overlay'
        ➜ Explicit dependency on target 'Crypto' in project 'swift-crypto'
    Target 'Crypto' in project 'swift-crypto'
        ➜ Explicit dependency on target 'Crypto' in project 'swift-crypto'
        ➜ Explicit dependency on target 'swift-crypto_Crypto' in project 'swift-crypto'
    Target 'Crypto' in project 'swift-crypto'
        ➜ Explicit dependency on target 'swift-crypto_Crypto' in project 'swift-crypto'
    Target 'swift-crypto_Crypto' in project 'swift-crypto' (no dependencies)
    Target 'Helpers' in project 'Supabase'
        ➜ Explicit dependency on target 'ConcurrencyExtras' in project 'swift-concurrency-extras'
        ➜ Explicit dependency on target 'HTTPTypes' in project 'swift-http-types'
        ➜ Explicit dependency on target 'Clocks' in project 'swift-clocks'
        ➜ Explicit dependency on target 'XCTestDynamicOverlay' in project 'xctest-dynamic-overlay'
    Target 'XCTestDynamicOverlay' in project 'xctest-dynamic-overlay'
        ➜ Explicit dependency on target 'XCTestDynamicOverlay' in project 'xctest-dynamic-overlay'
        ➜ Explicit dependency on target 'IssueReportingPackageSupport' in project 'xctest-dynamic-overlay'
        ➜ Explicit dependency on target 'IssueReporting' in project 'xctest-dynamic-overlay'
    Target 'XCTestDynamicOverlay' in project 'xctest-dynamic-overlay'
        ➜ Explicit dependency on target 'IssueReportingPackageSupport' in project 'xctest-dynamic-overlay'
        ➜ Explicit dependency on target 'IssueReporting' in project 'xctest-dynamic-overlay'
    Target 'Clocks' in project 'swift-clocks'
        ➜ Explicit dependency on target 'Clocks' in project 'swift-clocks'
        ➜ Explicit dependency on target 'ConcurrencyExtras' in project 'swift-concurrency-extras'
        ➜ Explicit dependency on target 'IssueReporting' in project 'xctest-dynamic-overlay'
    Target 'Clocks' in project 'swift-clocks'
        ➜ Explicit dependency on target 'ConcurrencyExtras' in project 'swift-concurrency-extras'
        ➜ Explicit dependency on target 'IssueReporting' in project 'xctest-dynamic-overlay'
    Target 'IssueReporting' in project 'xctest-dynamic-overlay'
        ➜ Explicit dependency on target 'IssueReporting' in project 'xctest-dynamic-overlay'
        ➜ Explicit dependency on target 'IssueReportingPackageSupport' in project 'xctest-dynamic-overlay'
    Target 'IssueReporting' in project 'xctest-dynamic-overlay'
        ➜ Explicit dependency on target 'IssueReportingPackageSupport' in project 'xctest-dynamic-overlay'
    Target 'IssueReportingPackageSupport' in project 'xctest-dynamic-overlay' (no dependencies)
    Target 'HTTPTypes' in project 'swift-http-types'
        ➜ Explicit dependency on target 'HTTPTypes' in project 'swift-http-types'
    Target 'HTTPTypes' in project 'swift-http-types' (no dependencies)
    Target 'ConcurrencyExtras' in project 'swift-concurrency-extras'
        ➜ Explicit dependency on target 'ConcurrencyExtras' in project 'swift-concurrency-extras'
    Target 'ConcurrencyExtras' in project 'swift-concurrency-extras' (no dependencies)
    Target 'WeeklyAccaWidgetExtension' in project 'WeeklyAcca' (no dependencies)

GatherProvisioningInputs

CreateBuildDescription

ExecuteExternalTool /Applications/Xcode.app/Contents/Developer/Toolchains/XcodeDefault.xctoolchain/usr/bin/swiftc --version

ExecuteExternalTool /Applications/Xcode.app/Contents/Developer/usr/bin/actool --version --output-format xml1

ExecuteExternalTool /Applications/Xcode.app/Contents/Developer/Toolchains/XcodeDefault.xctoolchain/usr/bin/clang -v -E -dM -isysroot /Applications/Xcode.app/Contents/Developer/Platforms/iPhoneSimulator.platform/Developer/SDKs/iPhoneSimulator26.2.sdk -x c -c /dev/null

ExecuteExternalTool /Applications/Xcode.app/Contents/Developer/usr/bin/actool --print-asset-tag-combinations --output-format xml1 /Users/richarddoyle/Library/Mobile Documents/com~apple~CloudDocs/WeeklyAcca/WeeklyAcca/WeeklyAcca/Assets.xcassets /Users/richarddoyle/Library/Mobile Documents/com~apple~CloudDocs/WeeklyAcca/WeeklyAcca/Assets.xcassets

ExecuteExternalTool /Applications/Xcode.app/Contents/Developer/Toolchains/XcodeDefault.xctoolchain/usr/bin/ld -version_details

ReadFileContents /Applications/Xcode.app/Contents/Developer/Toolchains/XcodeDefault.xctoolchain/usr/share/docc/features.json

Build description signature: 5da2f537d717bdf854a2b32f336a2695
Build description path: /Users/richarddoyle/Library/Developer/Xcode/DerivedData/WeeklyAcca-adrzszhzrptwflhlcqljqrfsycgk/Build/Intermediates.noindex/XCBuildData/5da2f537d717bdf854a2b32f336a2695.xcbuilddata
ClangStatCache /Applications/Xcode.app/Contents/Developer/Toolchains/XcodeDefault.xctoolchain/usr/bin/clang-stat-cache /Applications/Xcode.app/Contents/Developer/Platforms/iPhoneSimulator.platform/Developer/SDKs/iPhoneSimulator26.2.sdk /Users/richarddoyle/Library/Developer/Xcode/DerivedData/SDKStatCaches.noindex/iphonesimulator26.2-23C53-7d00a8b37fbd7999ea79df8ebc024bf0.sdkstatcache
    cd /Users/richarddoyle/Library/Mobile\ Documents/com\~apple\~CloudDocs/WeeklyAcca/WeeklyAcca.xcodeproj
    /Applications/Xcode.app/Contents/Developer/Toolchains/XcodeDefault.xctoolchain/usr/bin/clang-stat-cache /Applications/Xcode.app/Contents/Developer/Platforms/iPhoneSimulator.platform/Developer/SDKs/iPhoneSimulator26.2.sdk -o /Users/richarddoyle/Library/Developer/Xcode/DerivedData/SDKStatCaches.noindex/iphonesimulator26.2-23C53-7d00a8b37fbd7999ea79df8ebc024bf0.sdkstatcache

ProcessInfoPlistFile /Users/richarddoyle/Library/Developer/Xcode/DerivedData/WeeklyAcca-adrzszhzrptwflhlcqljqrfsycgk/Build/Products/Debug-iphonesimulator/swift-crypto_Crypto.bundle/Info.plist /Users/richarddoyle/Library/Developer/Xcode/DerivedData/WeeklyAcca-adrzszhzrptwflhlcqljqrfsycgk/Build/Intermediates.noindex/swift-crypto.build/Debug-iphonesimulator/swift-crypto_Crypto.build/empty-swift-crypto_Crypto.plist (in target 'swift-crypto_Crypto' from project 'swift-crypto')
    cd /Users/richarddoyle/Library/Developer/Xcode/DerivedData/WeeklyAcca-adrzszhzrptwflhlcqljqrfsycgk/SourcePackages/checkouts/swift-crypto
    builtin-infoPlistUtility /Users/richarddoyle/Library/Developer/Xcode/DerivedData/WeeklyAcca-adrzszhzrptwflhlcqljqrfsycgk/Build/Intermediates.noindex/swift-crypto.build/Debug-iphonesimulator/swift-crypto_Crypto.build/empty-swift-crypto_Crypto.plist -producttype com.apple.product-type.bundle -expandbuildsettings -format binary -platform iphonesimulator -o /Users/richarddoyle/Library/Developer/Xcode/DerivedData/WeeklyAcca-adrzszhzrptwflhlcqljqrfsycgk/Build/Products/Debug-iphonesimulator/swift-crypto_Crypto.bundle/Info.plist

ProcessInfoPlistFile /Users/richarddoyle/Library/Developer/Xcode/DerivedData/WeeklyAcca-adrzszhzrptwflhlcqljqrfsycgk/Build/Products/Debug-iphonesimulator/WeeklyAccaWidgetExtension.appex/Info.plist /Users/richarddoyle/Library/Mobile\ Documents/com~apple~CloudDocs/WeeklyAcca/WeeklyAccaWidget/Info.plist (in target 'WeeklyAccaWidgetExtension' from project 'WeeklyAcca')
    cd /Users/richarddoyle/Library/Mobile\ Documents/com\~apple\~CloudDocs/WeeklyAcca
    builtin-infoPlistUtility /Users/richarddoyle/Library/Mobile\ Documents/com\~apple\~CloudDocs/WeeklyAcca/WeeklyAccaWidget/Info.plist -producttype com.apple.product-type.app-extension -expandbuildsettings -format binary -platform iphonesimulator -additionalcontentfile /Users/richarddoyle/Library/Developer/Xcode/DerivedData/WeeklyAcca-adrzszhzrptwflhlcqljqrfsycgk/Build/Intermediates.noindex/WeeklyAcca.build/Debug-iphonesimulator/WeeklyAccaWidgetExtension.build/assetcatalog_generated_info.plist -o /Users/richarddoyle/Library/Developer/Xcode/DerivedData/WeeklyAcca-adrzszhzrptwflhlcqljqrfsycgk/Build/Products/Debug-iphonesimulator/WeeklyAccaWidgetExtension.appex/Info.plist

warning: Skipping duplicate build file in Compile Sources build phase: /Users/richarddoyle/Library/Mobile Documents/com~apple~CloudDocs/WeeklyAcca/WeeklyAcca/Views/TeamSearchView.swift (in target 'WeeklyAcca' from project 'WeeklyAcca')
warning: Skipping duplicate build file in Compile Sources build phase: /Users/richarddoyle/Library/Mobile Documents/com~apple~CloudDocs/WeeklyAcca/WeeklyAcca/Views/TeamSearchView.swift (in target 'WeeklyAcca' from project 'WeeklyAcca')
Copy /Users/richarddoyle/Library/Developer/Xcode/DerivedData/WeeklyAcca-adrzszhzrptwflhlcqljqrfsycgk/Build/Products/Debug-iphonesimulator/WeeklyAcca.app/PlugIns/WeeklyAccaWidgetExtension.appex /Users/richarddoyle/Library/Developer/Xcode/DerivedData/WeeklyAcca-adrzszhzrptwflhlcqljqrfsycgk/Build/Products/Debug-iphonesimulator/WeeklyAccaWidgetExtension.appex (in target 'WeeklyAcca' from project 'WeeklyAcca')
    cd /Users/richarddoyle/Library/Mobile\ Documents/com\~apple\~CloudDocs/WeeklyAcca
    builtin-copy -exclude .DS_Store -exclude CVS -exclude .svn -exclude .git -exclude .hg -exclude Headers -exclude PrivateHeaders -exclude Modules -exclude \*.tbd -resolve-src-symlinks -remove-static-executable /Users/richarddoyle/Library/Developer/Xcode/DerivedData/WeeklyAcca-adrzszhzrptwflhlcqljqrfsycgk/Build/Products/Debug-iphonesimulator/WeeklyAccaWidgetExtension.appex /Users/richarddoyle/Library/Developer/Xcode/DerivedData/WeeklyAcca-adrzszhzrptwflhlcqljqrfsycgk/Build/Products/Debug-iphonesimulator/WeeklyAcca.app/PlugIns

ProcessInfoPlistFile /Users/richarddoyle/Library/Developer/Xcode/DerivedData/WeeklyAcca-adrzszhzrptwflhlcqljqrfsycgk/Build/Products/Debug-iphonesimulator/WeeklyAcca.app/Info.plist /Users/richarddoyle/Library/Developer/Xcode/DerivedData/WeeklyAcca-adrzszhzrptwflhlcqljqrfsycgk/Build/Intermediates.noindex/WeeklyAcca.build/Debug-iphonesimulator/WeeklyAcca.build/empty-WeeklyAcca.plist (in target 'WeeklyAcca' from project 'WeeklyAcca')
    cd /Users/richarddoyle/Library/Mobile\ Documents/com\~apple\~CloudDocs/WeeklyAcca
    builtin-infoPlistUtility /Users/richarddoyle/Library/Developer/Xcode/DerivedData/WeeklyAcca-adrzszhzrptwflhlcqljqrfsycgk/Build/Intermediates.noindex/WeeklyAcca.build/Debug-iphonesimulator/WeeklyAcca.build/empty-WeeklyAcca.plist -producttype com.apple.product-type.application -genpkginfo /Users/richarddoyle/Library/Developer/Xcode/DerivedData/WeeklyAcca-adrzszhzrptwflhlcqljqrfsycgk/Build/Products/Debug-iphonesimulator/WeeklyAcca.app/PkgInfo -expandbuildsettings -format binary -platform iphonesimulator -additionalcontentfile /Users/richarddoyle/Library/Developer/Xcode/DerivedData/WeeklyAcca-adrzszhzrptwflhlcqljqrfsycgk/Build/Intermediates.noindex/WeeklyAcca.build/Debug-iphonesimulator/WeeklyAcca.build/assetcatalog_generated_info.plist -scanforprivacyfile /Users/richarddoyle/Library/Developer/Xcode/DerivedData/WeeklyAcca-adrzszhzrptwflhlcqljqrfsycgk/Build/Products/Debug-iphonesimulator/WeeklyAcca.app/PlugIns/WeeklyAccaWidgetExtension.appex -scanforprivacyfile /Users/richarddoyle/Library/Developer/Xcode/DerivedData/WeeklyAcca-adrzszhzrptwflhlcqljqrfsycgk/Build/Products/Debug-iphonesimulator/WeeklyAcca.app/swift-crypto_Crypto.bundle -o /Users/richarddoyle/Library/Developer/Xcode/DerivedData/WeeklyAcca-adrzszhzrptwflhlcqljqrfsycgk/Build/Products/Debug-iphonesimulator/WeeklyAcca.app/Info.plist

CopySwiftLibs /Users/richarddoyle/Library/Developer/Xcode/DerivedData/WeeklyAcca-adrzszhzrptwflhlcqljqrfsycgk/Build/Products/Debug-iphonesimulator/WeeklyAcca.app (in target 'WeeklyAcca' from project 'WeeklyAcca')
    cd /Users/richarddoyle/Library/Mobile\ Documents/com\~apple\~CloudDocs/WeeklyAcca
    builtin-swiftStdLibTool --copy --verbose --sign - --scan-executable /Users/richarddoyle/Library/Developer/Xcode/DerivedData/WeeklyAcca-adrzszhzrptwflhlcqljqrfsycgk/Build/Products/Debug-iphonesimulator/WeeklyAcca.app/WeeklyAcca.debug.dylib --scan-folder /Users/richarddoyle/Library/Developer/Xcode/DerivedData/WeeklyAcca-adrzszhzrptwflhlcqljqrfsycgk/Build/Products/Debug-iphonesimulator/WeeklyAcca.app/Frameworks --scan-folder /Users/richarddoyle/Library/Developer/Xcode/DerivedData/WeeklyAcca-adrzszhzrptwflhlcqljqrfsycgk/Build/Products/Debug-iphonesimulator/WeeklyAcca.app/PlugIns --scan-folder /Users/richarddoyle/Library/Developer/Xcode/DerivedData/WeeklyAcca-adrzszhzrptwflhlcqljqrfsycgk/Build/Products/Debug-iphonesimulator/WeeklyAcca.app/SystemExtensions --scan-folder /Users/richarddoyle/Library/Developer/Xcode/DerivedData/WeeklyAcca-adrzszhzrptwflhlcqljqrfsycgk/Build/Products/Debug-iphonesimulator/WeeklyAcca.app/Extensions --platform iphonesimulator --toolchain /Applications/Xcode.app/Contents/Developer/Toolchains/XcodeDefault.xctoolchain --destination /Users/richarddoyle/Library/Developer/Xcode/DerivedData/WeeklyAcca-adrzszhzrptwflhlcqljqrfsycgk/Build/Products/Debug-iphonesimulator/WeeklyAcca.app/Frameworks --strip-bitcode --strip-bitcode-tool /Applications/Xcode.app/Contents/Developer/Toolchains/XcodeDefault.xctoolchain/usr/bin/bitcode_strip --emit-dependency-info /Users/richarddoyle/Library/Developer/Xcode/DerivedData/WeeklyAcca-adrzszhzrptwflhlcqljqrfsycgk/Build/Intermediates.noindex/WeeklyAcca.build/Debug-iphonesimulator/WeeklyAcca.build/SwiftStdLibToolInputDependencies.dep --filter-for-swift-os

CodeSign /Users/richarddoyle/Library/Developer/Xcode/DerivedData/WeeklyAcca-adrzszhzrptwflhlcqljqrfsycgk/Build/Products/Debug-iphonesimulator/WeeklyAcca.app/WeeklyAcca.debug.dylib (in target 'WeeklyAcca' from project 'WeeklyAcca')
    cd /Users/richarddoyle/Library/Mobile\ Documents/com\~apple\~CloudDocs/WeeklyAcca
    
    Signing Identity:     "Sign to Run Locally"
    
    /usr/bin/codesign --force --sign - --timestamp\=none --generate-entitlement-der /Users/richarddoyle/Library/Developer/Xcode/DerivedData/WeeklyAcca-adrzszhzrptwflhlcqljqrfsycgk/Build/Products/Debug-iphonesimulator/WeeklyAcca.app/WeeklyAcca.debug.dylib
/Users/richarddoyle/Library/Developer/Xcode/DerivedData/WeeklyAcca-adrzszhzrptwflhlcqljqrfsycgk/Build/Products/Debug-iphonesimulator/WeeklyAcca.app/WeeklyAcca.debug.dylib: replacing existing signature

CodeSign /Users/richarddoyle/Library/Developer/Xcode/DerivedData/WeeklyAcca-adrzszhzrptwflhlcqljqrfsycgk/Build/Products/Debug-iphonesimulator/WeeklyAcca.app/__preview.dylib (in target 'WeeklyAcca' from project 'WeeklyAcca')
    cd /Users/richarddoyle/Library/Mobile\ Documents/com\~apple\~CloudDocs/WeeklyAcca
    
    Signing Identity:     "Sign to Run Locally"
    
    /usr/bin/codesign --force --sign - --timestamp\=none --generate-entitlement-der /Users/richarddoyle/Library/Developer/Xcode/DerivedData/WeeklyAcca-adrzszhzrptwflhlcqljqrfsycgk/Build/Products/Debug-iphonesimulator/WeeklyAcca.app/__preview.dylib
/Users/richarddoyle/Library/Developer/Xcode/DerivedData/WeeklyAcca-adrzszhzrptwflhlcqljqrfsycgk/Build/Products/Debug-iphonesimulator/WeeklyAcca.app/__preview.dylib: replacing existing signature

CodeSign /Users/richarddoyle/Library/Developer/Xcode/DerivedData/WeeklyAcca-adrzszhzrptwflhlcqljqrfsycgk/Build/Products/Debug-iphonesimulator/WeeklyAcca.app (in target 'WeeklyAcca' from project 'WeeklyAcca')
    cd /Users/richarddoyle/Library/Mobile\ Documents/com\~apple\~CloudDocs/WeeklyAcca
    
    Signing Identity:     "Sign to Run Locally"
    
    /usr/bin/codesign --force --sign - --entitlements /Users/richarddoyle/Library/Developer/Xcode/DerivedData/WeeklyAcca-adrzszhzrptwflhlcqljqrfsycgk/Build/Intermediates.noindex/WeeklyAcca.build/Debug-iphonesimulator/WeeklyAcca.build/WeeklyAcca.app.xcent --timestamp\=none --generate-entitlement-der /Users/richarddoyle/Library/Developer/Xcode/DerivedData/WeeklyAcca-adrzszhzrptwflhlcqljqrfsycgk/Build/Products/Debug-iphonesimulator/WeeklyAcca.app
/Users/richarddoyle/Library/Developer/Xcode/DerivedData/WeeklyAcca-adrzszhzrptwflhlcqljqrfsycgk/Build/Products/Debug-iphonesimulator/WeeklyAcca.app: replacing existing signature

Validate /Users/richarddoyle/Library/Developer/Xcode/DerivedData/WeeklyAcca-adrzszhzrptwflhlcqljqrfsycgk/Build/Products/Debug-iphonesimulator/WeeklyAcca.app (in target 'WeeklyAcca' from project 'WeeklyAcca')
    cd /Users/richarddoyle/Library/Mobile\ Documents/com\~apple\~CloudDocs/WeeklyAcca
    builtin-validationUtility /Users/richarddoyle/Library/Developer/Xcode/DerivedData/WeeklyAcca-adrzszhzrptwflhlcqljqrfsycgk/Build/Products/Debug-iphonesimulator/WeeklyAcca.app -shallow-bundle -infoplist-subpath Info.plist

ValidateEmbeddedBinary /Users/richarddoyle/Library/Developer/Xcode/DerivedData/WeeklyAcca-adrzszhzrptwflhlcqljqrfsycgk/Build/Products/Debug-iphonesimulator/WeeklyAcca.app/PlugIns/WeeklyAccaWidgetExtension.appex (in target 'WeeklyAcca' from project 'WeeklyAcca')
    cd /Users/richarddoyle/Library/Mobile\ Documents/com\~apple\~CloudDocs/WeeklyAcca
    /Applications/Xcode.app/Contents/Developer/usr/bin/embeddedBinaryValidationUtility /Users/richarddoyle/Library/Developer/Xcode/DerivedData/WeeklyAcca-adrzszhzrptwflhlcqljqrfsycgk/Build/Products/Debug-iphonesimulator/WeeklyAcca.app/PlugIns/WeeklyAccaWidgetExtension.appex -signing-cert - -info-plist-path /Users/richarddoyle/Library/Developer/Xcode/DerivedData/WeeklyAcca-adrzszhzrptwflhlcqljqrfsycgk/Build/Products/Debug-iphonesimulator/WeeklyAcca.app/Info.plist

** BUILD SUCCEEDED **

